  AddContact.cpp
D:\wangmengsen\Code\gitCode\AddressBook\AddressBook\AddContact.cpp(7,1): error C2011: “Person”:“struct”类型重定义
D:\wangmengsen\Code\gitCode\AddressBook\AddressBook\AddContact.h(6): message : 参见“Person”的声明
D:\wangmengsen\Code\gitCode\AddressBook\AddressBook\AddContact.cpp(24,1): error C2011: “Addressbooks”:“struct”类型重定义
  addPersion.cpp
  AddressBook.cpp
D:\wangmengsen\Code\gitCode\AddressBook\AddressBook\AddContact.h(23): message : 参见“Addressbooks”的声明
D:\wangmengsen\Code\gitCode\AddressBook\AddressBook\AddContact.h(7,1): error C2011: “Person”:“struct”类型重定义
D:\wangmengsen\Code\gitCode\AddressBook\AddressBook\AddContact.h(6): message : 参见“Person”的声明
D:\wangmengsen\Code\gitCode\AddressBook\AddressBook\AddContact.h(24,1): error C2011: “Addressbooks”:“struct”类型重定义
D:\wangmengsen\Code\gitCode\AddressBook\AddressBook\AddContact.h(23): message : 参见“Addressbooks”的声明
D:\wangmengsen\Code\gitCode\AddressBook\AddressBook\AddressBook.cpp(10,18): error C2079: “abs”使用未定义的 struct“Addressbooks”
D:\wangmengsen\Code\gitCode\AddressBook\AddressBook\AddressBook.cpp(18,22): error C2664: “void Frame(int *,Addressbooks *)”: 无法将参数 2 从“int *”转换为“Addressbooks *”
D:\wangmengsen\Code\gitCode\AddressBook\AddressBook\AddressBook.cpp(18,18): message : 与指向的类型无关；强制转换要求 reinterpret_cast、C 样式强制转换或函数样式强制转换
  Frame.cpp
D:\wangmengsen\Code\gitCode\AddressBook\AddressBook\Frame.h(9,6): message : 参见“Frame”的声明
D:\wangmengsen\Code\gitCode\AddressBook\AddressBook\AddContact.h(7,1): error C2011: “Person”:“struct”类型重定义
D:\wangmengsen\Code\gitCode\AddressBook\AddressBook\AddContact.h(6): message : 参见“Person”的声明
D:\wangmengsen\Code\gitCode\AddressBook\AddressBook\AddContact.h(24,1): error C2011: “Addressbooks”:“struct”类型重定义
  showMenu.cpp
D:\wangmengsen\Code\gitCode\AddressBook\AddressBook\AddContact.h(23): message : 参见“Addressbooks”的声明
