e:\code\git_c++\staff management system\debug\vc142.pdb
e:\code\git_c++\staff management system\debug\vc142.idb
e:\code\git_c++\staff management system\debug\workermanger.nativecodeanalysis.sarif
e:\code\git_c++\staff management system\debug\workermanger.nativecodeanalysis.xml
e:\code\git_c++\staff management system\debug\manger.nativecodeanalysis.sarif
e:\code\git_c++\staff management system\debug\manger.nativecodeanalysis.xml
e:\code\git_c++\staff management system\debug\main.nativecodeanalysis.sarif
e:\code\git_c++\staff management system\debug\main.nativecodeanalysis.xml
e:\code\git_c++\staff management system\debug\employee.nativecodeanalysis.sarif
e:\code\git_c++\staff management system\debug\employee.nativecodeanalysis.xml
e:\code\git_c++\staff management system\debug\boss.nativecodeanalysis.sarif
e:\code\git_c++\staff management system\debug\boss.nativecodeanalysis.xml
e:\code\git_c++\staff management system\debug\boss.obj
e:\code\git_c++\staff management system\debug\employee.obj
e:\code\git_c++\staff management system\debug\main.obj
e:\code\git_c++\staff management system\debug\manger.obj
e:\code\git_c++\staff management system\debug\workermanger.obj
e:\code\git_c++\staff management system\debug\staff management system.ilk
e:\code\git_c++\staff management system\debug\staff management system.exe
e:\code\git_c++\staff management system\debug\staff management system.pdb
e:\code\git_c++\staff management system\debug\nativecodeanalysis.read.1.tlog
e:\code\git_c++\staff management system\debug\vc.nativecodeanalysis.all.xml
e:\code\git_c++\staff management system\debug\staff management system.exe.lastcodeanalysissucceeded
e:\code\git_c++\staff management system\debug\staff ma.8e89d74d.tlog\cl.command.1.tlog
e:\code\git_c++\staff management system\debug\staff ma.8e89d74d.tlog\cl.read.1.tlog
e:\code\git_c++\staff management system\debug\staff ma.8e89d74d.tlog\cl.write.1.tlog
e:\code\git_c++\staff management system\debug\staff ma.8e89d74d.tlog\link.command.1.tlog
e:\code\git_c++\staff management system\debug\staff ma.8e89d74d.tlog\link.read.1.tlog
e:\code\git_c++\staff management system\debug\staff ma.8e89d74d.tlog\link.write.1.tlog
