e:\code\git_code\addressbook\addressbook\x64\debug\vc142.pdb
e:\code\git_code\addressbook\addressbook\x64\debug\vc142.idb
e:\code\git_code\addressbook\addressbook\x64\debug\showperson.nativecodeanalysis.sarif
e:\code\git_code\addressbook\addressbook\x64\debug\showperson.nativecodeanalysis.xml
e:\code\git_code\addressbook\addressbook\x64\debug\showmenu.nativecodeanalysis.sarif
e:\code\git_code\addressbook\addressbook\x64\debug\showmenu.nativecodeanalysis.xml
e:\code\git_code\addressbook\addressbook\x64\debug\isexist.nativecodeanalysis.sarif
e:\code\git_code\addressbook\addressbook\x64\debug\isexist.nativecodeanalysis.xml
e:\code\git_code\addressbook\addressbook\x64\debug\frame.nativecodeanalysis.sarif
e:\code\git_code\addressbook\addressbook\x64\debug\frame.nativecodeanalysis.xml
e:\code\git_code\addressbook\addressbook\x64\debug\findperson.nativecodeanalysis.sarif
e:\code\git_code\addressbook\addressbook\x64\debug\findperson.nativecodeanalysis.xml
e:\code\git_code\addressbook\addressbook\x64\debug\deleteperson.nativecodeanalysis.sarif
e:\code\git_code\addressbook\addressbook\x64\debug\deleteperson.nativecodeanalysis.xml
e:\code\git_code\addressbook\addressbook\x64\debug\addressbook.nativecodeanalysis.sarif
e:\code\git_code\addressbook\addressbook\x64\debug\addressbook.nativecodeanalysis.xml
e:\code\git_code\addressbook\addressbook\x64\debug\addperson.nativecodeanalysis.sarif
e:\code\git_code\addressbook\addressbook\x64\debug\addperson.nativecodeanalysis.xml
e:\code\git_code\addressbook\addressbook\x64\debug\addperson.obj
e:\code\git_code\addressbook\addressbook\x64\debug\addressbook.obj
e:\code\git_code\addressbook\addressbook\x64\debug\deleteperson.obj
e:\code\git_code\addressbook\addressbook\x64\debug\findperson.obj
e:\code\git_code\addressbook\addressbook\x64\debug\frame.obj
e:\code\git_code\addressbook\addressbook\x64\debug\isexist.obj
e:\code\git_code\addressbook\addressbook\x64\debug\showmenu.obj
e:\code\git_code\addressbook\addressbook\x64\debug\showperson.obj
e:\code\git_code\addressbook\x64\debug\addressbook.ilk
e:\code\git_code\addressbook\x64\debug\addressbook.exe
e:\code\git_code\addressbook\x64\debug\addressbook.pdb
e:\code\git_code\addressbook\addressbook\x64\debug\nativecodeanalysis.read.1.tlog
e:\code\git_code\addressbook\addressbook\x64\debug\vc.nativecodeanalysis.all.xml
e:\code\git_code\addressbook\x64\debug\addressbook.exe.lastcodeanalysissucceeded
e:\code\git_code\addressbook\addressbook\x64\debug\addressbook.tlog\cl.command.1.tlog
e:\code\git_code\addressbook\addressbook\x64\debug\addressbook.tlog\cl.read.1.tlog
e:\code\git_code\addressbook\addressbook\x64\debug\addressbook.tlog\cl.write.1.tlog
e:\code\git_code\addressbook\addressbook\x64\debug\addressbook.tlog\link.command.1.tlog
e:\code\git_code\addressbook\addressbook\x64\debug\addressbook.tlog\link.read.1.tlog
e:\code\git_code\addressbook\addressbook\x64\debug\addressbook.tlog\link.write.1.tlog
